CRITICAL - 2022-03-22 09:19:02 --> Too few arguments to function App\Controllers\Authentication::doLogin(), 0 passed in /Library/WebServer/Documents/projects/aplikasi-penggajian/system/CodeIgniter.php on line 832 and exactly 1 expected
#0 /Library/WebServer/Documents/projects/aplikasi-penggajian/system/CodeIgniter.php(832): App\Controllers\Authentication->doLogin()
#1 /Library/WebServer/Documents/projects/aplikasi-penggajian/system/CodeIgniter.php(419): CodeIgniter\CodeIgniter->runController(Object(App\Controllers\Authentication))
#2 /Library/WebServer/Documents/projects/aplikasi-penggajian/system/CodeIgniter.php(326): CodeIgniter\CodeIgniter->handleRequest(NULL, Object(Config\Cache), false)
#3 /Library/WebServer/Documents/projects/aplikasi-penggajian/public/index.php(37): CodeIgniter\CodeIgniter->run()
#4 /Library/WebServer/Documents/projects/aplikasi-penggajian/system/Commands/Server/rewrite.php(43): require_once('/Library/WebSer...')
#5 {main}
CRITICAL - 2022-03-22 09:20:30 --> Too few arguments to function App\Controllers\Authentication::__construct(), 0 passed in /Library/WebServer/Documents/projects/aplikasi-penggajian/system/CodeIgniter.php on line 809 and exactly 1 expected
#0 /Library/WebServer/Documents/projects/aplikasi-penggajian/system/CodeIgniter.php(809): App\Controllers\Authentication->__construct()
#1 /Library/WebServer/Documents/projects/aplikasi-penggajian/system/CodeIgniter.php(410): CodeIgniter\CodeIgniter->createController()
#2 /Library/WebServer/Documents/projects/aplikasi-penggajian/system/CodeIgniter.php(326): CodeIgniter\CodeIgniter->handleRequest(NULL, Object(Config\Cache), false)
#3 /Library/WebServer/Documents/projects/aplikasi-penggajian/public/index.php(37): CodeIgniter\CodeIgniter->run()
#4 /Library/WebServer/Documents/projects/aplikasi-penggajian/system/Commands/Server/rewrite.php(43): require_once('/Library/WebSer...')
#5 {main}
CRITICAL - 2022-03-22 09:20:31 --> Too few arguments to function App\Controllers\Authentication::__construct(), 0 passed in /Library/WebServer/Documents/projects/aplikasi-penggajian/system/CodeIgniter.php on line 809 and exactly 1 expected
#0 /Library/WebServer/Documents/projects/aplikasi-penggajian/system/CodeIgniter.php(809): App\Controllers\Authentication->__construct()
#1 /Library/WebServer/Documents/projects/aplikasi-penggajian/system/CodeIgniter.php(410): CodeIgniter\CodeIgniter->createController()
#2 /Library/WebServer/Documents/projects/aplikasi-penggajian/system/CodeIgniter.php(326): CodeIgniter\CodeIgniter->handleRequest(NULL, Object(Config\Cache), false)
#3 /Library/WebServer/Documents/projects/aplikasi-penggajian/public/index.php(37): CodeIgniter\CodeIgniter->run()
#4 /Library/WebServer/Documents/projects/aplikasi-penggajian/system/Commands/Server/rewrite.php(43): require_once('/Library/WebSer...')
#5 {main}
CRITICAL - 2022-03-22 09:20:33 --> Too few arguments to function App\Controllers\Authentication::__construct(), 0 passed in /Library/WebServer/Documents/projects/aplikasi-penggajian/system/CodeIgniter.php on line 809 and exactly 1 expected
#0 /Library/WebServer/Documents/projects/aplikasi-penggajian/system/CodeIgniter.php(809): App\Controllers\Authentication->__construct()
#1 /Library/WebServer/Documents/projects/aplikasi-penggajian/system/CodeIgniter.php(410): CodeIgniter\CodeIgniter->createController()
#2 /Library/WebServer/Documents/projects/aplikasi-penggajian/system/CodeIgniter.php(326): CodeIgniter\CodeIgniter->handleRequest(NULL, Object(Config\Cache), false)
#3 /Library/WebServer/Documents/projects/aplikasi-penggajian/public/index.php(37): CodeIgniter\CodeIgniter->run()
#4 /Library/WebServer/Documents/projects/aplikasi-penggajian/system/Commands/Server/rewrite.php(43): require_once('/Library/WebSer...')
#5 {main}
CRITICAL - 2022-03-22 09:20:37 --> Too few arguments to function App\Controllers\Authentication::__construct(), 0 passed in /Library/WebServer/Documents/projects/aplikasi-penggajian/system/CodeIgniter.php on line 809 and exactly 1 expected
#0 /Library/WebServer/Documents/projects/aplikasi-penggajian/system/CodeIgniter.php(809): App\Controllers\Authentication->__construct()
#1 /Library/WebServer/Documents/projects/aplikasi-penggajian/system/CodeIgniter.php(410): CodeIgniter\CodeIgniter->createController()
#2 /Library/WebServer/Documents/projects/aplikasi-penggajian/system/CodeIgniter.php(326): CodeIgniter\CodeIgniter->handleRequest(NULL, Object(Config\Cache), false)
#3 /Library/WebServer/Documents/projects/aplikasi-penggajian/public/index.php(37): CodeIgniter\CodeIgniter->run()
#4 /Library/WebServer/Documents/projects/aplikasi-penggajian/system/Commands/Server/rewrite.php(43): require_once('/Library/WebSer...')
#5 {main}
CRITICAL - 2022-03-22 09:20:38 --> Too few arguments to function App\Controllers\Authentication::__construct(), 0 passed in /Library/WebServer/Documents/projects/aplikasi-penggajian/system/CodeIgniter.php on line 809 and exactly 1 expected
#0 /Library/WebServer/Documents/projects/aplikasi-penggajian/system/CodeIgniter.php(809): App\Controllers\Authentication->__construct()
#1 /Library/WebServer/Documents/projects/aplikasi-penggajian/system/CodeIgniter.php(410): CodeIgniter\CodeIgniter->createController()
#2 /Library/WebServer/Documents/projects/aplikasi-penggajian/system/CodeIgniter.php(326): CodeIgniter\CodeIgniter->handleRequest(NULL, Object(Config\Cache), false)
#3 /Library/WebServer/Documents/projects/aplikasi-penggajian/public/index.php(37): CodeIgniter\CodeIgniter->run()
#4 /Library/WebServer/Documents/projects/aplikasi-penggajian/system/Commands/Server/rewrite.php(43): require_once('/Library/WebSer...')
#5 {main}
CRITICAL - 2022-03-22 09:20:39 --> Too few arguments to function App\Controllers\Authentication::__construct(), 0 passed in /Library/WebServer/Documents/projects/aplikasi-penggajian/system/CodeIgniter.php on line 809 and exactly 1 expected
#0 /Library/WebServer/Documents/projects/aplikasi-penggajian/system/CodeIgniter.php(809): App\Controllers\Authentication->__construct()
#1 /Library/WebServer/Documents/projects/aplikasi-penggajian/system/CodeIgniter.php(410): CodeIgniter\CodeIgniter->createController()
#2 /Library/WebServer/Documents/projects/aplikasi-penggajian/system/CodeIgniter.php(326): CodeIgniter\CodeIgniter->handleRequest(NULL, Object(Config\Cache), false)
#3 /Library/WebServer/Documents/projects/aplikasi-penggajian/public/index.php(37): CodeIgniter\CodeIgniter->run()
#4 /Library/WebServer/Documents/projects/aplikasi-penggajian/system/Commands/Server/rewrite.php(43): require_once('/Library/WebSer...')
#5 {main}
CRITICAL - 2022-03-22 09:20:40 --> Too few arguments to function App\Controllers\Authentication::__construct(), 0 passed in /Library/WebServer/Documents/projects/aplikasi-penggajian/system/CodeIgniter.php on line 809 and exactly 1 expected
#0 /Library/WebServer/Documents/projects/aplikasi-penggajian/system/CodeIgniter.php(809): App\Controllers\Authentication->__construct()
#1 /Library/WebServer/Documents/projects/aplikasi-penggajian/system/CodeIgniter.php(410): CodeIgniter\CodeIgniter->createController()
#2 /Library/WebServer/Documents/projects/aplikasi-penggajian/system/CodeIgniter.php(326): CodeIgniter\CodeIgniter->handleRequest(NULL, Object(Config\Cache), false)
#3 /Library/WebServer/Documents/projects/aplikasi-penggajian/public/index.php(37): CodeIgniter\CodeIgniter->run()
#4 /Library/WebServer/Documents/projects/aplikasi-penggajian/system/Commands/Server/rewrite.php(43): require_once('/Library/WebSer...')
#5 {main}
CRITICAL - 2022-03-22 09:20:48 --> Too few arguments to function App\Controllers\Authentication::__construct(), 0 passed in /Library/WebServer/Documents/projects/aplikasi-penggajian/system/CodeIgniter.php on line 809 and exactly 1 expected
#0 /Library/WebServer/Documents/projects/aplikasi-penggajian/system/CodeIgniter.php(809): App\Controllers\Authentication->__construct()
#1 /Library/WebServer/Documents/projects/aplikasi-penggajian/system/CodeIgniter.php(410): CodeIgniter\CodeIgniter->createController()
#2 /Library/WebServer/Documents/projects/aplikasi-penggajian/system/CodeIgniter.php(326): CodeIgniter\CodeIgniter->handleRequest(NULL, Object(Config\Cache), false)
#3 /Library/WebServer/Documents/projects/aplikasi-penggajian/public/index.php(37): CodeIgniter\CodeIgniter->run()
#4 /Library/WebServer/Documents/projects/aplikasi-penggajian/system/Commands/Server/rewrite.php(43): require_once('/Library/WebSer...')
#5 {main}
CRITICAL - 2022-03-22 09:20:48 --> Too few arguments to function App\Controllers\Authentication::__construct(), 0 passed in /Library/WebServer/Documents/projects/aplikasi-penggajian/system/CodeIgniter.php on line 809 and exactly 1 expected
#0 /Library/WebServer/Documents/projects/aplikasi-penggajian/system/CodeIgniter.php(809): App\Controllers\Authentication->__construct()
#1 /Library/WebServer/Documents/projects/aplikasi-penggajian/system/CodeIgniter.php(410): CodeIgniter\CodeIgniter->createController()
#2 /Library/WebServer/Documents/projects/aplikasi-penggajian/system/CodeIgniter.php(326): CodeIgniter\CodeIgniter->handleRequest(NULL, Object(Config\Cache), false)
#3 /Library/WebServer/Documents/projects/aplikasi-penggajian/public/index.php(37): CodeIgniter\CodeIgniter->run()
#4 /Library/WebServer/Documents/projects/aplikasi-penggajian/system/Commands/Server/rewrite.php(43): require_once('/Library/WebSer...')
#5 {main}
CRITICAL - 2022-03-22 09:20:48 --> Too few arguments to function App\Controllers\Authentication::__construct(), 0 passed in /Library/WebServer/Documents/projects/aplikasi-penggajian/system/CodeIgniter.php on line 809 and exactly 1 expected
#0 /Library/WebServer/Documents/projects/aplikasi-penggajian/system/CodeIgniter.php(809): App\Controllers\Authentication->__construct()
#1 /Library/WebServer/Documents/projects/aplikasi-penggajian/system/CodeIgniter.php(410): CodeIgniter\CodeIgniter->createController()
#2 /Library/WebServer/Documents/projects/aplikasi-penggajian/system/CodeIgniter.php(326): CodeIgniter\CodeIgniter->handleRequest(NULL, Object(Config\Cache), false)
#3 /Library/WebServer/Documents/projects/aplikasi-penggajian/public/index.php(37): CodeIgniter\CodeIgniter->run()
#4 /Library/WebServer/Documents/projects/aplikasi-penggajian/system/Commands/Server/rewrite.php(43): require_once('/Library/WebSer...')
#5 {main}
CRITICAL - 2022-03-22 09:20:49 --> Too few arguments to function App\Controllers\Authentication::__construct(), 0 passed in /Library/WebServer/Documents/projects/aplikasi-penggajian/system/CodeIgniter.php on line 809 and exactly 1 expected
#0 /Library/WebServer/Documents/projects/aplikasi-penggajian/system/CodeIgniter.php(809): App\Controllers\Authentication->__construct()
#1 /Library/WebServer/Documents/projects/aplikasi-penggajian/system/CodeIgniter.php(410): CodeIgniter\CodeIgniter->createController()
#2 /Library/WebServer/Documents/projects/aplikasi-penggajian/system/CodeIgniter.php(326): CodeIgniter\CodeIgniter->handleRequest(NULL, Object(Config\Cache), false)
#3 /Library/WebServer/Documents/projects/aplikasi-penggajian/public/index.php(37): CodeIgniter\CodeIgniter->run()
#4 /Library/WebServer/Documents/projects/aplikasi-penggajian/system/Commands/Server/rewrite.php(43): require_once('/Library/WebSer...')
#5 {main}
CRITICAL - 2022-03-22 09:21:58 --> Too few arguments to function App\Controllers\Authentication::__construct(), 0 passed in /Library/WebServer/Documents/projects/aplikasi-penggajian/system/CodeIgniter.php on line 809 and exactly 1 expected
#0 /Library/WebServer/Documents/projects/aplikasi-penggajian/system/CodeIgniter.php(809): App\Controllers\Authentication->__construct()
#1 /Library/WebServer/Documents/projects/aplikasi-penggajian/system/CodeIgniter.php(410): CodeIgniter\CodeIgniter->createController()
#2 /Library/WebServer/Documents/projects/aplikasi-penggajian/system/CodeIgniter.php(326): CodeIgniter\CodeIgniter->handleRequest(NULL, Object(Config\Cache), false)
#3 /Library/WebServer/Documents/projects/aplikasi-penggajian/public/index.php(37): CodeIgniter\CodeIgniter->run()
#4 /Library/WebServer/Documents/projects/aplikasi-penggajian/system/Commands/Server/rewrite.php(43): require_once('/Library/WebSer...')
#5 {main}
CRITICAL - 2022-03-22 09:22:13 --> Too few arguments to function App\Controllers\Authentication::__construct(), 0 passed in /Library/WebServer/Documents/projects/aplikasi-penggajian/system/CodeIgniter.php on line 809 and exactly 1 expected
#0 /Library/WebServer/Documents/projects/aplikasi-penggajian/system/CodeIgniter.php(809): App\Controllers\Authentication->__construct()
#1 /Library/WebServer/Documents/projects/aplikasi-penggajian/system/CodeIgniter.php(410): CodeIgniter\CodeIgniter->createController()
#2 /Library/WebServer/Documents/projects/aplikasi-penggajian/system/CodeIgniter.php(326): CodeIgniter\CodeIgniter->handleRequest(NULL, Object(Config\Cache), false)
#3 /Library/WebServer/Documents/projects/aplikasi-penggajian/public/index.php(37): CodeIgniter\CodeIgniter->run()
#4 /Library/WebServer/Documents/projects/aplikasi-penggajian/system/Commands/Server/rewrite.php(43): require_once('/Library/WebSer...')
#5 {main}
CRITICAL - 2022-03-22 09:22:22 --> Too few arguments to function App\Controllers\Authentication::__construct(), 0 passed in /Library/WebServer/Documents/projects/aplikasi-penggajian/system/CodeIgniter.php on line 809 and exactly 1 expected
#0 /Library/WebServer/Documents/projects/aplikasi-penggajian/system/CodeIgniter.php(809): App\Controllers\Authentication->__construct()
#1 /Library/WebServer/Documents/projects/aplikasi-penggajian/system/CodeIgniter.php(410): CodeIgniter\CodeIgniter->createController()
#2 /Library/WebServer/Documents/projects/aplikasi-penggajian/system/CodeIgniter.php(326): CodeIgniter\CodeIgniter->handleRequest(NULL, Object(Config\Cache), false)
#3 /Library/WebServer/Documents/projects/aplikasi-penggajian/public/index.php(37): CodeIgniter\CodeIgniter->run()
#4 /Library/WebServer/Documents/projects/aplikasi-penggajian/system/Commands/Server/rewrite.php(43): require_once('/Library/WebSer...')
#5 {main}
CRITICAL - 2022-03-22 09:22:27 --> Too few arguments to function App\Controllers\Authentication::__construct(), 0 passed in /Library/WebServer/Documents/projects/aplikasi-penggajian/system/CodeIgniter.php on line 809 and exactly 1 expected
#0 /Library/WebServer/Documents/projects/aplikasi-penggajian/system/CodeIgniter.php(809): App\Controllers\Authentication->__construct()
#1 /Library/WebServer/Documents/projects/aplikasi-penggajian/system/CodeIgniter.php(410): CodeIgniter\CodeIgniter->createController()
#2 /Library/WebServer/Documents/projects/aplikasi-penggajian/system/CodeIgniter.php(326): CodeIgniter\CodeIgniter->handleRequest(NULL, Object(Config\Cache), false)
#3 /Library/WebServer/Documents/projects/aplikasi-penggajian/public/index.php(37): CodeIgniter\CodeIgniter->run()
#4 /Library/WebServer/Documents/projects/aplikasi-penggajian/system/Commands/Server/rewrite.php(43): require_once('/Library/WebSer...')
#5 {main}
CRITICAL - 2022-03-22 09:22:28 --> Too few arguments to function App\Controllers\Authentication::__construct(), 0 passed in /Library/WebServer/Documents/projects/aplikasi-penggajian/system/CodeIgniter.php on line 809 and exactly 1 expected
#0 /Library/WebServer/Documents/projects/aplikasi-penggajian/system/CodeIgniter.php(809): App\Controllers\Authentication->__construct()
#1 /Library/WebServer/Documents/projects/aplikasi-penggajian/system/CodeIgniter.php(410): CodeIgniter\CodeIgniter->createController()
#2 /Library/WebServer/Documents/projects/aplikasi-penggajian/system/CodeIgniter.php(326): CodeIgniter\CodeIgniter->handleRequest(NULL, Object(Config\Cache), false)
#3 /Library/WebServer/Documents/projects/aplikasi-penggajian/public/index.php(37): CodeIgniter\CodeIgniter->run()
#4 /Library/WebServer/Documents/projects/aplikasi-penggajian/system/Commands/Server/rewrite.php(43): require_once('/Library/WebSer...')
#5 {main}
CRITICAL - 2022-03-22 09:22:28 --> Too few arguments to function App\Controllers\Authentication::__construct(), 0 passed in /Library/WebServer/Documents/projects/aplikasi-penggajian/system/CodeIgniter.php on line 809 and exactly 1 expected
#0 /Library/WebServer/Documents/projects/aplikasi-penggajian/system/CodeIgniter.php(809): App\Controllers\Authentication->__construct()
#1 /Library/WebServer/Documents/projects/aplikasi-penggajian/system/CodeIgniter.php(410): CodeIgniter\CodeIgniter->createController()
#2 /Library/WebServer/Documents/projects/aplikasi-penggajian/system/CodeIgniter.php(326): CodeIgniter\CodeIgniter->handleRequest(NULL, Object(Config\Cache), false)
#3 /Library/WebServer/Documents/projects/aplikasi-penggajian/public/index.php(37): CodeIgniter\CodeIgniter->run()
#4 /Library/WebServer/Documents/projects/aplikasi-penggajian/system/Commands/Server/rewrite.php(43): require_once('/Library/WebSer...')
#5 {main}
CRITICAL - 2022-03-22 09:23:33 --> Too few arguments to function App\Controllers\Authentication::__construct(), 0 passed in /Library/WebServer/Documents/projects/aplikasi-penggajian/system/CodeIgniter.php on line 809 and exactly 1 expected
#0 /Library/WebServer/Documents/projects/aplikasi-penggajian/system/CodeIgniter.php(809): App\Controllers\Authentication->__construct()
#1 /Library/WebServer/Documents/projects/aplikasi-penggajian/system/CodeIgniter.php(410): CodeIgniter\CodeIgniter->createController()
#2 /Library/WebServer/Documents/projects/aplikasi-penggajian/system/CodeIgniter.php(326): CodeIgniter\CodeIgniter->handleRequest(NULL, Object(Config\Cache), false)
#3 /Library/WebServer/Documents/projects/aplikasi-penggajian/public/index.php(37): CodeIgniter\CodeIgniter->run()
#4 /Library/WebServer/Documents/projects/aplikasi-penggajian/system/Commands/Server/rewrite.php(43): require_once('/Library/WebSer...')
#5 {main}
CRITICAL - 2022-03-22 09:23:33 --> Too few arguments to function App\Controllers\Authentication::__construct(), 0 passed in /Library/WebServer/Documents/projects/aplikasi-penggajian/system/CodeIgniter.php on line 809 and exactly 1 expected
#0 /Library/WebServer/Documents/projects/aplikasi-penggajian/system/CodeIgniter.php(809): App\Controllers\Authentication->__construct()
#1 /Library/WebServer/Documents/projects/aplikasi-penggajian/system/CodeIgniter.php(410): CodeIgniter\CodeIgniter->createController()
#2 /Library/WebServer/Documents/projects/aplikasi-penggajian/system/CodeIgniter.php(326): CodeIgniter\CodeIgniter->handleRequest(NULL, Object(Config\Cache), false)
#3 /Library/WebServer/Documents/projects/aplikasi-penggajian/public/index.php(37): CodeIgniter\CodeIgniter->run()
#4 /Library/WebServer/Documents/projects/aplikasi-penggajian/system/Commands/Server/rewrite.php(43): require_once('/Library/WebSer...')
#5 {main}
CRITICAL - 2022-03-22 09:23:33 --> Too few arguments to function App\Controllers\Authentication::__construct(), 0 passed in /Library/WebServer/Documents/projects/aplikasi-penggajian/system/CodeIgniter.php on line 809 and exactly 1 expected
#0 /Library/WebServer/Documents/projects/aplikasi-penggajian/system/CodeIgniter.php(809): App\Controllers\Authentication->__construct()
#1 /Library/WebServer/Documents/projects/aplikasi-penggajian/system/CodeIgniter.php(410): CodeIgniter\CodeIgniter->createController()
#2 /Library/WebServer/Documents/projects/aplikasi-penggajian/system/CodeIgniter.php(326): CodeIgniter\CodeIgniter->handleRequest(NULL, Object(Config\Cache), false)
#3 /Library/WebServer/Documents/projects/aplikasi-penggajian/public/index.php(37): CodeIgniter\CodeIgniter->run()
#4 /Library/WebServer/Documents/projects/aplikasi-penggajian/system/Commands/Server/rewrite.php(43): require_once('/Library/WebSer...')
#5 {main}
CRITICAL - 2022-03-22 09:23:34 --> Too few arguments to function App\Controllers\Authentication::__construct(), 0 passed in /Library/WebServer/Documents/projects/aplikasi-penggajian/system/CodeIgniter.php on line 809 and exactly 1 expected
#0 /Library/WebServer/Documents/projects/aplikasi-penggajian/system/CodeIgniter.php(809): App\Controllers\Authentication->__construct()
#1 /Library/WebServer/Documents/projects/aplikasi-penggajian/system/CodeIgniter.php(410): CodeIgniter\CodeIgniter->createController()
#2 /Library/WebServer/Documents/projects/aplikasi-penggajian/system/CodeIgniter.php(326): CodeIgniter\CodeIgniter->handleRequest(NULL, Object(Config\Cache), false)
#3 /Library/WebServer/Documents/projects/aplikasi-penggajian/public/index.php(37): CodeIgniter\CodeIgniter->run()
#4 /Library/WebServer/Documents/projects/aplikasi-penggajian/system/Commands/Server/rewrite.php(43): require_once('/Library/WebSer...')
#5 {main}
CRITICAL - 2022-03-22 09:23:34 --> Too few arguments to function App\Controllers\Authentication::__construct(), 0 passed in /Library/WebServer/Documents/projects/aplikasi-penggajian/system/CodeIgniter.php on line 809 and exactly 1 expected
#0 /Library/WebServer/Documents/projects/aplikasi-penggajian/system/CodeIgniter.php(809): App\Controllers\Authentication->__construct()
#1 /Library/WebServer/Documents/projects/aplikasi-penggajian/system/CodeIgniter.php(410): CodeIgniter\CodeIgniter->createController()
#2 /Library/WebServer/Documents/projects/aplikasi-penggajian/system/CodeIgniter.php(326): CodeIgniter\CodeIgniter->handleRequest(NULL, Object(Config\Cache), false)
#3 /Library/WebServer/Documents/projects/aplikasi-penggajian/public/index.php(37): CodeIgniter\CodeIgniter->run()
#4 /Library/WebServer/Documents/projects/aplikasi-penggajian/system/Commands/Server/rewrite.php(43): require_once('/Library/WebSer...')
#5 {main}
CRITICAL - 2022-03-22 09:23:43 --> Too few arguments to function App\Controllers\Authentication::__construct(), 0 passed in /Library/WebServer/Documents/projects/aplikasi-penggajian/system/CodeIgniter.php on line 809 and exactly 1 expected
#0 /Library/WebServer/Documents/projects/aplikasi-penggajian/system/CodeIgniter.php(809): App\Controllers\Authentication->__construct()
#1 /Library/WebServer/Documents/projects/aplikasi-penggajian/system/CodeIgniter.php(410): CodeIgniter\CodeIgniter->createController()
#2 /Library/WebServer/Documents/projects/aplikasi-penggajian/system/CodeIgniter.php(326): CodeIgniter\CodeIgniter->handleRequest(NULL, Object(Config\Cache), false)
#3 /Library/WebServer/Documents/projects/aplikasi-penggajian/public/index.php(37): CodeIgniter\CodeIgniter->run()
#4 /Library/WebServer/Documents/projects/aplikasi-penggajian/system/Commands/Server/rewrite.php(43): require_once('/Library/WebSer...')
#5 {main}
CRITICAL - 2022-03-22 09:23:47 --> Too few arguments to function App\Controllers\Authentication::__construct(), 0 passed in /Library/WebServer/Documents/projects/aplikasi-penggajian/system/CodeIgniter.php on line 809 and exactly 1 expected
#0 /Library/WebServer/Documents/projects/aplikasi-penggajian/system/CodeIgniter.php(809): App\Controllers\Authentication->__construct()
#1 /Library/WebServer/Documents/projects/aplikasi-penggajian/system/CodeIgniter.php(410): CodeIgniter\CodeIgniter->createController()
#2 /Library/WebServer/Documents/projects/aplikasi-penggajian/system/CodeIgniter.php(326): CodeIgniter\CodeIgniter->handleRequest(NULL, Object(Config\Cache), false)
#3 /Library/WebServer/Documents/projects/aplikasi-penggajian/public/index.php(37): CodeIgniter\CodeIgniter->run()
#4 /Library/WebServer/Documents/projects/aplikasi-penggajian/system/Commands/Server/rewrite.php(43): require_once('/Library/WebSer...')
#5 {main}
CRITICAL - 2022-03-22 09:23:54 --> Too few arguments to function App\Controllers\Authentication::__construct(), 0 passed in /Library/WebServer/Documents/projects/aplikasi-penggajian/system/CodeIgniter.php on line 809 and exactly 1 expected
#0 /Library/WebServer/Documents/projects/aplikasi-penggajian/system/CodeIgniter.php(809): App\Controllers\Authentication->__construct()
#1 /Library/WebServer/Documents/projects/aplikasi-penggajian/system/CodeIgniter.php(410): CodeIgniter\CodeIgniter->createController()
#2 /Library/WebServer/Documents/projects/aplikasi-penggajian/system/CodeIgniter.php(326): CodeIgniter\CodeIgniter->handleRequest(NULL, Object(Config\Cache), false)
#3 /Library/WebServer/Documents/projects/aplikasi-penggajian/public/index.php(37): CodeIgniter\CodeIgniter->run()
#4 /Library/WebServer/Documents/projects/aplikasi-penggajian/system/Commands/Server/rewrite.php(43): require_once('/Library/WebSer...')
#5 {main}
CRITICAL - 2022-03-22 09:25:00 --> Too few arguments to function App\Controllers\Authentication::__construct(), 0 passed in /Library/WebServer/Documents/projects/aplikasi-penggajian/system/CodeIgniter.php on line 809 and exactly 1 expected
#0 /Library/WebServer/Documents/projects/aplikasi-penggajian/system/CodeIgniter.php(809): App\Controllers\Authentication->__construct()
#1 /Library/WebServer/Documents/projects/aplikasi-penggajian/system/CodeIgniter.php(410): CodeIgniter\CodeIgniter->createController()
#2 /Library/WebServer/Documents/projects/aplikasi-penggajian/system/CodeIgniter.php(326): CodeIgniter\CodeIgniter->handleRequest(NULL, Object(Config\Cache), false)
#3 /Library/WebServer/Documents/projects/aplikasi-penggajian/public/index.php(37): CodeIgniter\CodeIgniter->run()
#4 /Library/WebServer/Documents/projects/aplikasi-penggajian/system/Commands/Server/rewrite.php(43): require_once('/Library/WebSer...')
#5 {main}
CRITICAL - 2022-03-22 09:25:00 --> Too few arguments to function App\Controllers\Authentication::__construct(), 0 passed in /Library/WebServer/Documents/projects/aplikasi-penggajian/system/CodeIgniter.php on line 809 and exactly 1 expected
#0 /Library/WebServer/Documents/projects/aplikasi-penggajian/system/CodeIgniter.php(809): App\Controllers\Authentication->__construct()
#1 /Library/WebServer/Documents/projects/aplikasi-penggajian/system/CodeIgniter.php(410): CodeIgniter\CodeIgniter->createController()
#2 /Library/WebServer/Documents/projects/aplikasi-penggajian/system/CodeIgniter.php(326): CodeIgniter\CodeIgniter->handleRequest(NULL, Object(Config\Cache), false)
#3 /Library/WebServer/Documents/projects/aplikasi-penggajian/public/index.php(37): CodeIgniter\CodeIgniter->run()
#4 /Library/WebServer/Documents/projects/aplikasi-penggajian/system/Commands/Server/rewrite.php(43): require_once('/Library/WebSer...')
#5 {main}
CRITICAL - 2022-03-22 09:25:01 --> Too few arguments to function App\Controllers\Authentication::__construct(), 0 passed in /Library/WebServer/Documents/projects/aplikasi-penggajian/system/CodeIgniter.php on line 809 and exactly 1 expected
#0 /Library/WebServer/Documents/projects/aplikasi-penggajian/system/CodeIgniter.php(809): App\Controllers\Authentication->__construct()
#1 /Library/WebServer/Documents/projects/aplikasi-penggajian/system/CodeIgniter.php(410): CodeIgniter\CodeIgniter->createController()
#2 /Library/WebServer/Documents/projects/aplikasi-penggajian/system/CodeIgniter.php(326): CodeIgniter\CodeIgniter->handleRequest(NULL, Object(Config\Cache), false)
#3 /Library/WebServer/Documents/projects/aplikasi-penggajian/public/index.php(37): CodeIgniter\CodeIgniter->run()
#4 /Library/WebServer/Documents/projects/aplikasi-penggajian/system/Commands/Server/rewrite.php(43): require_once('/Library/WebSer...')
#5 {main}
CRITICAL - 2022-03-22 09:25:01 --> Too few arguments to function App\Controllers\Authentication::__construct(), 0 passed in /Library/WebServer/Documents/projects/aplikasi-penggajian/system/CodeIgniter.php on line 809 and exactly 1 expected
#0 /Library/WebServer/Documents/projects/aplikasi-penggajian/system/CodeIgniter.php(809): App\Controllers\Authentication->__construct()
#1 /Library/WebServer/Documents/projects/aplikasi-penggajian/system/CodeIgniter.php(410): CodeIgniter\CodeIgniter->createController()
#2 /Library/WebServer/Documents/projects/aplikasi-penggajian/system/CodeIgniter.php(326): CodeIgniter\CodeIgniter->handleRequest(NULL, Object(Config\Cache), false)
#3 /Library/WebServer/Documents/projects/aplikasi-penggajian/public/index.php(37): CodeIgniter\CodeIgniter->run()
#4 /Library/WebServer/Documents/projects/aplikasi-penggajian/system/Commands/Server/rewrite.php(43): require_once('/Library/WebSer...')
#5 {main}
CRITICAL - 2022-03-22 09:25:27 --> Too few arguments to function App\Controllers\Authentication::doLogin(), 0 passed in /Library/WebServer/Documents/projects/aplikasi-penggajian/system/CodeIgniter.php on line 832 and exactly 1 expected
#0 /Library/WebServer/Documents/projects/aplikasi-penggajian/system/CodeIgniter.php(832): App\Controllers\Authentication->doLogin()
#1 /Library/WebServer/Documents/projects/aplikasi-penggajian/system/CodeIgniter.php(419): CodeIgniter\CodeIgniter->runController(Object(App\Controllers\Authentication))
#2 /Library/WebServer/Documents/projects/aplikasi-penggajian/system/CodeIgniter.php(326): CodeIgniter\CodeIgniter->handleRequest(NULL, Object(Config\Cache), false)
#3 /Library/WebServer/Documents/projects/aplikasi-penggajian/public/index.php(37): CodeIgniter\CodeIgniter->run()
#4 /Library/WebServer/Documents/projects/aplikasi-penggajian/system/Commands/Server/rewrite.php(43): require_once('/Library/WebSer...')
#5 {main}
CRITICAL - 2022-03-22 09:32:28 --> Too few arguments to function App\Controllers\Authentication::__construct(), 0 passed in /Library/WebServer/Documents/projects/aplikasi-penggajian/system/CodeIgniter.php on line 809 and exactly 1 expected
#0 /Library/WebServer/Documents/projects/aplikasi-penggajian/system/CodeIgniter.php(809): App\Controllers\Authentication->__construct()
#1 /Library/WebServer/Documents/projects/aplikasi-penggajian/system/CodeIgniter.php(410): CodeIgniter\CodeIgniter->createController()
#2 /Library/WebServer/Documents/projects/aplikasi-penggajian/system/CodeIgniter.php(326): CodeIgniter\CodeIgniter->handleRequest(NULL, Object(Config\Cache), false)
#3 /Library/WebServer/Documents/projects/aplikasi-penggajian/public/index.php(37): CodeIgniter\CodeIgniter->run()
#4 /Library/WebServer/Documents/projects/aplikasi-penggajian/system/Commands/Server/rewrite.php(43): require_once('/Library/WebSer...')
#5 {main}
CRITICAL - 2022-03-22 09:45:30 --> Call to a member function findAll() on null
#0 /Library/WebServer/Documents/projects/aplikasi-penggajian/system/CodeIgniter.php(832): App\Controllers\Jabatan->index()
#1 /Library/WebServer/Documents/projects/aplikasi-penggajian/system/CodeIgniter.php(419): CodeIgniter\CodeIgniter->runController(Object(App\Controllers\Jabatan))
#2 /Library/WebServer/Documents/projects/aplikasi-penggajian/system/CodeIgniter.php(326): CodeIgniter\CodeIgniter->handleRequest(NULL, Object(Config\Cache), false)
#3 /Library/WebServer/Documents/projects/aplikasi-penggajian/public/index.php(37): CodeIgniter\CodeIgniter->run()
#4 /Library/WebServer/Documents/projects/aplikasi-penggajian/system/Commands/Server/rewrite.php(43): require_once('/Library/WebSer...')
#5 {main}
CRITICAL - 2022-03-22 09:45:32 --> Call to a member function findAll() on null
#0 /Library/WebServer/Documents/projects/aplikasi-penggajian/system/CodeIgniter.php(832): App\Controllers\Jabatan->index()
#1 /Library/WebServer/Documents/projects/aplikasi-penggajian/system/CodeIgniter.php(419): CodeIgniter\CodeIgniter->runController(Object(App\Controllers\Jabatan))
#2 /Library/WebServer/Documents/projects/aplikasi-penggajian/system/CodeIgniter.php(326): CodeIgniter\CodeIgniter->handleRequest(NULL, Object(Config\Cache), false)
#3 /Library/WebServer/Documents/projects/aplikasi-penggajian/public/index.php(37): CodeIgniter\CodeIgniter->run()
#4 /Library/WebServer/Documents/projects/aplikasi-penggajian/system/Commands/Server/rewrite.php(43): require_once('/Library/WebSer...')
#5 {main}
CRITICAL - 2022-03-22 09:45:34 --> Call to a member function findAll() on null
#0 /Library/WebServer/Documents/projects/aplikasi-penggajian/system/CodeIgniter.php(832): App\Controllers\Jabatan->index()
#1 /Library/WebServer/Documents/projects/aplikasi-penggajian/system/CodeIgniter.php(419): CodeIgniter\CodeIgniter->runController(Object(App\Controllers\Jabatan))
#2 /Library/WebServer/Documents/projects/aplikasi-penggajian/system/CodeIgniter.php(326): CodeIgniter\CodeIgniter->handleRequest(NULL, Object(Config\Cache), false)
#3 /Library/WebServer/Documents/projects/aplikasi-penggajian/public/index.php(37): CodeIgniter\CodeIgniter->run()
#4 /Library/WebServer/Documents/projects/aplikasi-penggajian/system/Commands/Server/rewrite.php(43): require_once('/Library/WebSer...')
#5 {main}
CRITICAL - 2022-03-22 09:46:42 --> Access level to App\Controllers\Jabatan::$model must be protected (as in class CodeIgniter\RESTful\ResourceController) or weaker
#0 [internal function]: CodeIgniter\Debug\Exceptions->shutdownHandler()
#1 {main}
CRITICAL - 2022-03-22 09:46:46 --> Access level to App\Controllers\Jabatan::$model must be protected (as in class CodeIgniter\RESTful\ResourceController) or weaker
#0 [internal function]: CodeIgniter\Debug\Exceptions->shutdownHandler()
#1 {main}
CRITICAL - 2022-03-22 09:46:46 --> Access level to App\Controllers\Jabatan::$model must be protected (as in class CodeIgniter\RESTful\ResourceController) or weaker
#0 [internal function]: CodeIgniter\Debug\Exceptions->shutdownHandler()
#1 {main}
CRITICAL - 2022-03-22 09:46:46 --> Access level to App\Controllers\Jabatan::$model must be protected (as in class CodeIgniter\RESTful\ResourceController) or weaker
#0 [internal function]: CodeIgniter\Debug\Exceptions->shutdownHandler()
#1 {main}
CRITICAL - 2022-03-22 09:47:03 --> Access level to App\Controllers\Jabatan::$model must be protected (as in class CodeIgniter\RESTful\ResourceController) or weaker
#0 [internal function]: CodeIgniter\Debug\Exceptions->shutdownHandler()
#1 {main}
CRITICAL - 2022-03-22 09:47:04 --> Access level to App\Controllers\Jabatan::$model must be protected (as in class CodeIgniter\RESTful\ResourceController) or weaker
#0 [internal function]: CodeIgniter\Debug\Exceptions->shutdownHandler()
#1 {main}
CRITICAL - 2022-03-22 09:47:04 --> Access level to App\Controllers\Jabatan::$model must be protected (as in class CodeIgniter\RESTful\ResourceController) or weaker
#0 [internal function]: CodeIgniter\Debug\Exceptions->shutdownHandler()
#1 {main}
CRITICAL - 2022-03-22 09:47:04 --> Access level to App\Controllers\Jabatan::$model must be protected (as in class CodeIgniter\RESTful\ResourceController) or weaker
#0 [internal function]: CodeIgniter\Debug\Exceptions->shutdownHandler()
#1 {main}
CRITICAL - 2022-03-22 09:47:04 --> Access level to App\Controllers\Jabatan::$model must be protected (as in class CodeIgniter\RESTful\ResourceController) or weaker
#0 [internal function]: CodeIgniter\Debug\Exceptions->shutdownHandler()
#1 {main}
CRITICAL - 2022-03-22 09:47:08 --> Access level to App\Controllers\Jabatan::$model must be protected (as in class CodeIgniter\RESTful\ResourceController) or weaker
#0 [internal function]: CodeIgniter\Debug\Exceptions->shutdownHandler()
#1 {main}
CRITICAL - 2022-03-22 09:47:09 --> Access level to App\Controllers\Jabatan::$model must be protected (as in class CodeIgniter\RESTful\ResourceController) or weaker
#0 [internal function]: CodeIgniter\Debug\Exceptions->shutdownHandler()
#1 {main}
CRITICAL - 2022-03-22 09:47:09 --> Access level to App\Controllers\Jabatan::$model must be protected (as in class CodeIgniter\RESTful\ResourceController) or weaker
#0 [internal function]: CodeIgniter\Debug\Exceptions->shutdownHandler()
#1 {main}
CRITICAL - 2022-03-22 09:47:09 --> Access level to App\Controllers\Jabatan::$model must be protected (as in class CodeIgniter\RESTful\ResourceController) or weaker
#0 [internal function]: CodeIgniter\Debug\Exceptions->shutdownHandler()
#1 {main}
CRITICAL - 2022-03-22 09:47:09 --> Access level to App\Controllers\Jabatan::$model must be protected (as in class CodeIgniter\RESTful\ResourceController) or weaker
#0 [internal function]: CodeIgniter\Debug\Exceptions->shutdownHandler()
#1 {main}
CRITICAL - 2022-03-22 09:47:10 --> Access level to App\Controllers\Jabatan::$model must be protected (as in class CodeIgniter\RESTful\ResourceController) or weaker
#0 [internal function]: CodeIgniter\Debug\Exceptions->shutdownHandler()
#1 {main}
CRITICAL - 2022-03-22 09:47:10 --> Access level to App\Controllers\Jabatan::$model must be protected (as in class CodeIgniter\RESTful\ResourceController) or weaker
#0 [internal function]: CodeIgniter\Debug\Exceptions->shutdownHandler()
#1 {main}
CRITICAL - 2022-03-22 09:47:10 --> Access level to App\Controllers\Jabatan::$model must be protected (as in class CodeIgniter\RESTful\ResourceController) or weaker
#0 [internal function]: CodeIgniter\Debug\Exceptions->shutdownHandler()
#1 {main}
CRITICAL - 2022-03-22 09:49:28 --> Argument 2 passed to CodeIgniter\Router\RouteCollection::resource() must be of the type array or null, string given, called in /Library/WebServer/Documents/projects/aplikasi-penggajian/app/Config/Routes.php on line 36
#0 /Library/WebServer/Documents/projects/aplikasi-penggajian/app/Config/Routes.php(36): CodeIgniter\Router\RouteCollection->resource('jabatan', '')
#1 /Library/WebServer/Documents/projects/aplikasi-penggajian/system/CodeIgniter.php(713): require('/Library/WebSer...')
#2 /Library/WebServer/Documents/projects/aplikasi-penggajian/system/CodeIgniter.php(368): CodeIgniter\CodeIgniter->tryToRouteIt(Object(CodeIgniter\Router\RouteCollection))
#3 /Library/WebServer/Documents/projects/aplikasi-penggajian/system/CodeIgniter.php(326): CodeIgniter\CodeIgniter->handleRequest(NULL, Object(Config\Cache), false)
#4 /Library/WebServer/Documents/projects/aplikasi-penggajian/public/index.php(37): CodeIgniter\CodeIgniter->run()
#5 /Library/WebServer/Documents/projects/aplikasi-penggajian/system/Commands/Server/rewrite.php(43): require_once('/Library/WebSer...')
#6 {main}
CRITICAL - 2022-03-22 09:50:08 --> Call to a member function findAll() on null
#0 /Library/WebServer/Documents/projects/aplikasi-penggajian/system/CodeIgniter.php(832): App\Controllers\Jabatan->index()
#1 /Library/WebServer/Documents/projects/aplikasi-penggajian/system/CodeIgniter.php(419): CodeIgniter\CodeIgniter->runController(Object(App\Controllers\Jabatan))
#2 /Library/WebServer/Documents/projects/aplikasi-penggajian/system/CodeIgniter.php(326): CodeIgniter\CodeIgniter->handleRequest(NULL, Object(Config\Cache), false)
#3 /Library/WebServer/Documents/projects/aplikasi-penggajian/public/index.php(37): CodeIgniter\CodeIgniter->run()
#4 /Library/WebServer/Documents/projects/aplikasi-penggajian/system/Commands/Server/rewrite.php(43): require_once('/Library/WebSer...')
#5 {main}
CRITICAL - 2022-03-22 09:50:09 --> Call to a member function findAll() on null
#0 /Library/WebServer/Documents/projects/aplikasi-penggajian/system/CodeIgniter.php(832): App\Controllers\Jabatan->index()
#1 /Library/WebServer/Documents/projects/aplikasi-penggajian/system/CodeIgniter.php(419): CodeIgniter\CodeIgniter->runController(Object(App\Controllers\Jabatan))
#2 /Library/WebServer/Documents/projects/aplikasi-penggajian/system/CodeIgniter.php(326): CodeIgniter\CodeIgniter->handleRequest(NULL, Object(Config\Cache), false)
#3 /Library/WebServer/Documents/projects/aplikasi-penggajian/public/index.php(37): CodeIgniter\CodeIgniter->run()
#4 /Library/WebServer/Documents/projects/aplikasi-penggajian/system/Commands/Server/rewrite.php(43): require_once('/Library/WebSer...')
#5 {main}
CRITICAL - 2022-03-22 09:50:58 --> Call to a member function findAll() on null
#0 /Library/WebServer/Documents/projects/aplikasi-penggajian/system/CodeIgniter.php(832): App\Controllers\Jabatan->index()
#1 /Library/WebServer/Documents/projects/aplikasi-penggajian/system/CodeIgniter.php(419): CodeIgniter\CodeIgniter->runController(Object(App\Controllers\Jabatan))
#2 /Library/WebServer/Documents/projects/aplikasi-penggajian/system/CodeIgniter.php(326): CodeIgniter\CodeIgniter->handleRequest(NULL, Object(Config\Cache), false)
#3 /Library/WebServer/Documents/projects/aplikasi-penggajian/public/index.php(37): CodeIgniter\CodeIgniter->run()
#4 /Library/WebServer/Documents/projects/aplikasi-penggajian/system/Commands/Server/rewrite.php(43): require_once('/Library/WebSer...')
#5 {main}
CRITICAL - 2022-03-22 09:50:59 --> Call to a member function findAll() on null
#0 /Library/WebServer/Documents/projects/aplikasi-penggajian/system/CodeIgniter.php(832): App\Controllers\Jabatan->index()
#1 /Library/WebServer/Documents/projects/aplikasi-penggajian/system/CodeIgniter.php(419): CodeIgniter\CodeIgniter->runController(Object(App\Controllers\Jabatan))
#2 /Library/WebServer/Documents/projects/aplikasi-penggajian/system/CodeIgniter.php(326): CodeIgniter\CodeIgniter->handleRequest(NULL, Object(Config\Cache), false)
#3 /Library/WebServer/Documents/projects/aplikasi-penggajian/public/index.php(37): CodeIgniter\CodeIgniter->run()
#4 /Library/WebServer/Documents/projects/aplikasi-penggajian/system/Commands/Server/rewrite.php(43): require_once('/Library/WebSer...')
#5 {main}
CRITICAL - 2022-03-22 09:50:59 --> Call to a member function findAll() on null
#0 /Library/WebServer/Documents/projects/aplikasi-penggajian/system/CodeIgniter.php(832): App\Controllers\Jabatan->index()
#1 /Library/WebServer/Documents/projects/aplikasi-penggajian/system/CodeIgniter.php(419): CodeIgniter\CodeIgniter->runController(Object(App\Controllers\Jabatan))
#2 /Library/WebServer/Documents/projects/aplikasi-penggajian/system/CodeIgniter.php(326): CodeIgniter\CodeIgniter->handleRequest(NULL, Object(Config\Cache), false)
#3 /Library/WebServer/Documents/projects/aplikasi-penggajian/public/index.php(37): CodeIgniter\CodeIgniter->run()
#4 /Library/WebServer/Documents/projects/aplikasi-penggajian/system/Commands/Server/rewrite.php(43): require_once('/Library/WebSer...')
#5 {main}
CRITICAL - 2022-03-22 09:50:59 --> Call to a member function findAll() on null
#0 /Library/WebServer/Documents/projects/aplikasi-penggajian/system/CodeIgniter.php(832): App\Controllers\Jabatan->index()
#1 /Library/WebServer/Documents/projects/aplikasi-penggajian/system/CodeIgniter.php(419): CodeIgniter\CodeIgniter->runController(Object(App\Controllers\Jabatan))
#2 /Library/WebServer/Documents/projects/aplikasi-penggajian/system/CodeIgniter.php(326): CodeIgniter\CodeIgniter->handleRequest(NULL, Object(Config\Cache), false)
#3 /Library/WebServer/Documents/projects/aplikasi-penggajian/public/index.php(37): CodeIgniter\CodeIgniter->run()
#4 /Library/WebServer/Documents/projects/aplikasi-penggajian/system/Commands/Server/rewrite.php(43): require_once('/Library/WebSer...')
#5 {main}
CRITICAL - 2022-03-22 09:50:59 --> Call to a member function findAll() on null
#0 /Library/WebServer/Documents/projects/aplikasi-penggajian/system/CodeIgniter.php(832): App\Controllers\Jabatan->index()
#1 /Library/WebServer/Documents/projects/aplikasi-penggajian/system/CodeIgniter.php(419): CodeIgniter\CodeIgniter->runController(Object(App\Controllers\Jabatan))
#2 /Library/WebServer/Documents/projects/aplikasi-penggajian/system/CodeIgniter.php(326): CodeIgniter\CodeIgniter->handleRequest(NULL, Object(Config\Cache), false)
#3 /Library/WebServer/Documents/projects/aplikasi-penggajian/public/index.php(37): CodeIgniter\CodeIgniter->run()
#4 /Library/WebServer/Documents/projects/aplikasi-penggajian/system/Commands/Server/rewrite.php(43): require_once('/Library/WebSer...')
#5 {main}
CRITICAL - 2022-03-22 09:51:00 --> Call to a member function findAll() on null
#0 /Library/WebServer/Documents/projects/aplikasi-penggajian/system/CodeIgniter.php(832): App\Controllers\Jabatan->index()
#1 /Library/WebServer/Documents/projects/aplikasi-penggajian/system/CodeIgniter.php(419): CodeIgniter\CodeIgniter->runController(Object(App\Controllers\Jabatan))
#2 /Library/WebServer/Documents/projects/aplikasi-penggajian/system/CodeIgniter.php(326): CodeIgniter\CodeIgniter->handleRequest(NULL, Object(Config\Cache), false)
#3 /Library/WebServer/Documents/projects/aplikasi-penggajian/public/index.php(37): CodeIgniter\CodeIgniter->run()
#4 /Library/WebServer/Documents/projects/aplikasi-penggajian/system/Commands/Server/rewrite.php(43): require_once('/Library/WebSer...')
#5 {main}
CRITICAL - 2022-03-22 09:51:00 --> Call to a member function findAll() on null
#0 /Library/WebServer/Documents/projects/aplikasi-penggajian/system/CodeIgniter.php(832): App\Controllers\Jabatan->index()
#1 /Library/WebServer/Documents/projects/aplikasi-penggajian/system/CodeIgniter.php(419): CodeIgniter\CodeIgniter->runController(Object(App\Controllers\Jabatan))
#2 /Library/WebServer/Documents/projects/aplikasi-penggajian/system/CodeIgniter.php(326): CodeIgniter\CodeIgniter->handleRequest(NULL, Object(Config\Cache), false)
#3 /Library/WebServer/Documents/projects/aplikasi-penggajian/public/index.php(37): CodeIgniter\CodeIgniter->run()
#4 /Library/WebServer/Documents/projects/aplikasi-penggajian/system/Commands/Server/rewrite.php(43): require_once('/Library/WebSer...')
#5 {main}
CRITICAL - 2022-03-22 09:51:00 --> Call to a member function findAll() on null
#0 /Library/WebServer/Documents/projects/aplikasi-penggajian/system/CodeIgniter.php(832): App\Controllers\Jabatan->index()
#1 /Library/WebServer/Documents/projects/aplikasi-penggajian/system/CodeIgniter.php(419): CodeIgniter\CodeIgniter->runController(Object(App\Controllers\Jabatan))
#2 /Library/WebServer/Documents/projects/aplikasi-penggajian/system/CodeIgniter.php(326): CodeIgniter\CodeIgniter->handleRequest(NULL, Object(Config\Cache), false)
#3 /Library/WebServer/Documents/projects/aplikasi-penggajian/public/index.php(37): CodeIgniter\CodeIgniter->run()
#4 /Library/WebServer/Documents/projects/aplikasi-penggajian/system/Commands/Server/rewrite.php(43): require_once('/Library/WebSer...')
#5 {main}
ERROR - 2022-03-22 09:51:09 --> Table 'db_penggajian.jabatans' doesn't exist
CRITICAL - 2022-03-22 09:51:09 --> Call to a member function getResult() on bool
#0 /Library/WebServer/Documents/projects/aplikasi-penggajian/system/BaseModel.php(584): CodeIgniter\Model->doFindAll(0, 0)
#1 /Library/WebServer/Documents/projects/aplikasi-penggajian/app/Controllers/Jabatan.php(19): CodeIgniter\BaseModel->findAll()
#2 /Library/WebServer/Documents/projects/aplikasi-penggajian/system/CodeIgniter.php(832): App\Controllers\Jabatan->index()
#3 /Library/WebServer/Documents/projects/aplikasi-penggajian/system/CodeIgniter.php(419): CodeIgniter\CodeIgniter->runController(Object(App\Controllers\Jabatan))
#4 /Library/WebServer/Documents/projects/aplikasi-penggajian/system/CodeIgniter.php(326): CodeIgniter\CodeIgniter->handleRequest(NULL, Object(Config\Cache), false)
#5 /Library/WebServer/Documents/projects/aplikasi-penggajian/public/index.php(37): CodeIgniter\CodeIgniter->run()
#6 /Library/WebServer/Documents/projects/aplikasi-penggajian/system/Commands/Server/rewrite.php(43): require_once('/Library/WebSer...')
#7 {main}
ERROR - 2022-03-22 09:51:10 --> Table 'db_penggajian.jabatans' doesn't exist
CRITICAL - 2022-03-22 09:51:10 --> Call to a member function getResult() on bool
#0 /Library/WebServer/Documents/projects/aplikasi-penggajian/system/BaseModel.php(584): CodeIgniter\Model->doFindAll(0, 0)
#1 /Library/WebServer/Documents/projects/aplikasi-penggajian/app/Controllers/Jabatan.php(19): CodeIgniter\BaseModel->findAll()
#2 /Library/WebServer/Documents/projects/aplikasi-penggajian/system/CodeIgniter.php(832): App\Controllers\Jabatan->index()
#3 /Library/WebServer/Documents/projects/aplikasi-penggajian/system/CodeIgniter.php(419): CodeIgniter\CodeIgniter->runController(Object(App\Controllers\Jabatan))
#4 /Library/WebServer/Documents/projects/aplikasi-penggajian/system/CodeIgniter.php(326): CodeIgniter\CodeIgniter->handleRequest(NULL, Object(Config\Cache), false)
#5 /Library/WebServer/Documents/projects/aplikasi-penggajian/public/index.php(37): CodeIgniter\CodeIgniter->run()
#6 /Library/WebServer/Documents/projects/aplikasi-penggajian/system/Commands/Server/rewrite.php(43): require_once('/Library/WebSer...')
#7 {main}
ERROR - 2022-03-22 09:51:10 --> Table 'db_penggajian.jabatans' doesn't exist
CRITICAL - 2022-03-22 09:51:10 --> Call to a member function getResult() on bool
#0 /Library/WebServer/Documents/projects/aplikasi-penggajian/system/BaseModel.php(584): CodeIgniter\Model->doFindAll(0, 0)
#1 /Library/WebServer/Documents/projects/aplikasi-penggajian/app/Controllers/Jabatan.php(19): CodeIgniter\BaseModel->findAll()
#2 /Library/WebServer/Documents/projects/aplikasi-penggajian/system/CodeIgniter.php(832): App\Controllers\Jabatan->index()
#3 /Library/WebServer/Documents/projects/aplikasi-penggajian/system/CodeIgniter.php(419): CodeIgniter\CodeIgniter->runController(Object(App\Controllers\Jabatan))
#4 /Library/WebServer/Documents/projects/aplikasi-penggajian/system/CodeIgniter.php(326): CodeIgniter\CodeIgniter->handleRequest(NULL, Object(Config\Cache), false)
#5 /Library/WebServer/Documents/projects/aplikasi-penggajian/public/index.php(37): CodeIgniter\CodeIgniter->run()
#6 /Library/WebServer/Documents/projects/aplikasi-penggajian/system/Commands/Server/rewrite.php(43): require_once('/Library/WebSer...')
#7 {main}
ERROR - 2022-03-22 09:51:10 --> Table 'db_penggajian.jabatans' doesn't exist
CRITICAL - 2022-03-22 09:51:10 --> Call to a member function getResult() on bool
#0 /Library/WebServer/Documents/projects/aplikasi-penggajian/system/BaseModel.php(584): CodeIgniter\Model->doFindAll(0, 0)
#1 /Library/WebServer/Documents/projects/aplikasi-penggajian/app/Controllers/Jabatan.php(19): CodeIgniter\BaseModel->findAll()
#2 /Library/WebServer/Documents/projects/aplikasi-penggajian/system/CodeIgniter.php(832): App\Controllers\Jabatan->index()
#3 /Library/WebServer/Documents/projects/aplikasi-penggajian/system/CodeIgniter.php(419): CodeIgniter\CodeIgniter->runController(Object(App\Controllers\Jabatan))
#4 /Library/WebServer/Documents/projects/aplikasi-penggajian/system/CodeIgniter.php(326): CodeIgniter\CodeIgniter->handleRequest(NULL, Object(Config\Cache), false)
#5 /Library/WebServer/Documents/projects/aplikasi-penggajian/public/index.php(37): CodeIgniter\CodeIgniter->run()
#6 /Library/WebServer/Documents/projects/aplikasi-penggajian/system/Commands/Server/rewrite.php(43): require_once('/Library/WebSer...')
#7 {main}
ERROR - 2022-03-22 09:51:10 --> Table 'db_penggajian.jabatans' doesn't exist
CRITICAL - 2022-03-22 09:51:10 --> Call to a member function getResult() on bool
#0 /Library/WebServer/Documents/projects/aplikasi-penggajian/system/BaseModel.php(584): CodeIgniter\Model->doFindAll(0, 0)
#1 /Library/WebServer/Documents/projects/aplikasi-penggajian/app/Controllers/Jabatan.php(19): CodeIgniter\BaseModel->findAll()
#2 /Library/WebServer/Documents/projects/aplikasi-penggajian/system/CodeIgniter.php(832): App\Controllers\Jabatan->index()
#3 /Library/WebServer/Documents/projects/aplikasi-penggajian/system/CodeIgniter.php(419): CodeIgniter\CodeIgniter->runController(Object(App\Controllers\Jabatan))
#4 /Library/WebServer/Documents/projects/aplikasi-penggajian/system/CodeIgniter.php(326): CodeIgniter\CodeIgniter->handleRequest(NULL, Object(Config\Cache), false)
#5 /Library/WebServer/Documents/projects/aplikasi-penggajian/public/index.php(37): CodeIgniter\CodeIgniter->run()
#6 /Library/WebServer/Documents/projects/aplikasi-penggajian/system/Commands/Server/rewrite.php(43): require_once('/Library/WebSer...')
#7 {main}
ERROR - 2022-03-22 09:51:10 --> Table 'db_penggajian.jabatans' doesn't exist
CRITICAL - 2022-03-22 09:51:10 --> Call to a member function getResult() on bool
#0 /Library/WebServer/Documents/projects/aplikasi-penggajian/system/BaseModel.php(584): CodeIgniter\Model->doFindAll(0, 0)
#1 /Library/WebServer/Documents/projects/aplikasi-penggajian/app/Controllers/Jabatan.php(19): CodeIgniter\BaseModel->findAll()
#2 /Library/WebServer/Documents/projects/aplikasi-penggajian/system/CodeIgniter.php(832): App\Controllers\Jabatan->index()
#3 /Library/WebServer/Documents/projects/aplikasi-penggajian/system/CodeIgniter.php(419): CodeIgniter\CodeIgniter->runController(Object(App\Controllers\Jabatan))
#4 /Library/WebServer/Documents/projects/aplikasi-penggajian/system/CodeIgniter.php(326): CodeIgniter\CodeIgniter->handleRequest(NULL, Object(Config\Cache), false)
#5 /Library/WebServer/Documents/projects/aplikasi-penggajian/public/index.php(37): CodeIgniter\CodeIgniter->run()
#6 /Library/WebServer/Documents/projects/aplikasi-penggajian/system/Commands/Server/rewrite.php(43): require_once('/Library/WebSer...')
#7 {main}
ERROR - 2022-03-22 09:51:10 --> Table 'db_penggajian.jabatans' doesn't exist
CRITICAL - 2022-03-22 09:51:11 --> Call to a member function getResult() on bool
#0 /Library/WebServer/Documents/projects/aplikasi-penggajian/system/BaseModel.php(584): CodeIgniter\Model->doFindAll(0, 0)
#1 /Library/WebServer/Documents/projects/aplikasi-penggajian/app/Controllers/Jabatan.php(19): CodeIgniter\BaseModel->findAll()
#2 /Library/WebServer/Documents/projects/aplikasi-penggajian/system/CodeIgniter.php(832): App\Controllers\Jabatan->index()
#3 /Library/WebServer/Documents/projects/aplikasi-penggajian/system/CodeIgniter.php(419): CodeIgniter\CodeIgniter->runController(Object(App\Controllers\Jabatan))
#4 /Library/WebServer/Documents/projects/aplikasi-penggajian/system/CodeIgniter.php(326): CodeIgniter\CodeIgniter->handleRequest(NULL, Object(Config\Cache), false)
#5 /Library/WebServer/Documents/projects/aplikasi-penggajian/public/index.php(37): CodeIgniter\CodeIgniter->run()
#6 /Library/WebServer/Documents/projects/aplikasi-penggajian/system/Commands/Server/rewrite.php(43): require_once('/Library/WebSer...')
#7 {main}
ERROR - 2022-03-22 09:51:11 --> Table 'db_penggajian.jabatans' doesn't exist
CRITICAL - 2022-03-22 09:51:11 --> Call to a member function getResult() on bool
#0 /Library/WebServer/Documents/projects/aplikasi-penggajian/system/BaseModel.php(584): CodeIgniter\Model->doFindAll(0, 0)
#1 /Library/WebServer/Documents/projects/aplikasi-penggajian/app/Controllers/Jabatan.php(19): CodeIgniter\BaseModel->findAll()
#2 /Library/WebServer/Documents/projects/aplikasi-penggajian/system/CodeIgniter.php(832): App\Controllers\Jabatan->index()
#3 /Library/WebServer/Documents/projects/aplikasi-penggajian/system/CodeIgniter.php(419): CodeIgniter\CodeIgniter->runController(Object(App\Controllers\Jabatan))
#4 /Library/WebServer/Documents/projects/aplikasi-penggajian/system/CodeIgniter.php(326): CodeIgniter\CodeIgniter->handleRequest(NULL, Object(Config\Cache), false)
#5 /Library/WebServer/Documents/projects/aplikasi-penggajian/public/index.php(37): CodeIgniter\CodeIgniter->run()
#6 /Library/WebServer/Documents/projects/aplikasi-penggajian/system/Commands/Server/rewrite.php(43): require_once('/Library/WebSer...')
#7 {main}
ERROR - 2022-03-22 09:51:11 --> Table 'db_penggajian.jabatans' doesn't exist
CRITICAL - 2022-03-22 09:51:11 --> Call to a member function getResult() on bool
#0 /Library/WebServer/Documents/projects/aplikasi-penggajian/system/BaseModel.php(584): CodeIgniter\Model->doFindAll(0, 0)
#1 /Library/WebServer/Documents/projects/aplikasi-penggajian/app/Controllers/Jabatan.php(19): CodeIgniter\BaseModel->findAll()
#2 /Library/WebServer/Documents/projects/aplikasi-penggajian/system/CodeIgniter.php(832): App\Controllers\Jabatan->index()
#3 /Library/WebServer/Documents/projects/aplikasi-penggajian/system/CodeIgniter.php(419): CodeIgniter\CodeIgniter->runController(Object(App\Controllers\Jabatan))
#4 /Library/WebServer/Documents/projects/aplikasi-penggajian/system/CodeIgniter.php(326): CodeIgniter\CodeIgniter->handleRequest(NULL, Object(Config\Cache), false)
#5 /Library/WebServer/Documents/projects/aplikasi-penggajian/public/index.php(37): CodeIgniter\CodeIgniter->run()
#6 /Library/WebServer/Documents/projects/aplikasi-penggajian/system/Commands/Server/rewrite.php(43): require_once('/Library/WebSer...')
#7 {main}
ERROR - 2022-03-22 09:51:35 --> Table 'db_penggajian.jabatans' doesn't exist
CRITICAL - 2022-03-22 09:51:35 --> Call to a member function getResult() on bool
#0 /Library/WebServer/Documents/projects/aplikasi-penggajian/system/BaseModel.php(584): CodeIgniter\Model->doFindAll(0, 0)
#1 /Library/WebServer/Documents/projects/aplikasi-penggajian/app/Controllers/Jabatan.php(19): CodeIgniter\BaseModel->findAll()
#2 /Library/WebServer/Documents/projects/aplikasi-penggajian/system/CodeIgniter.php(832): App\Controllers\Jabatan->index()
#3 /Library/WebServer/Documents/projects/aplikasi-penggajian/system/CodeIgniter.php(419): CodeIgniter\CodeIgniter->runController(Object(App\Controllers\Jabatan))
#4 /Library/WebServer/Documents/projects/aplikasi-penggajian/system/CodeIgniter.php(326): CodeIgniter\CodeIgniter->handleRequest(NULL, Object(Config\Cache), false)
#5 /Library/WebServer/Documents/projects/aplikasi-penggajian/public/index.php(37): CodeIgniter\CodeIgniter->run()
#6 /Library/WebServer/Documents/projects/aplikasi-penggajian/system/Commands/Server/rewrite.php(43): require_once('/Library/WebSer...')
#7 {main}
ERROR - 2022-03-22 09:51:36 --> Table 'db_penggajian.jabatans' doesn't exist
CRITICAL - 2022-03-22 09:51:36 --> Call to a member function getResult() on bool
#0 /Library/WebServer/Documents/projects/aplikasi-penggajian/system/BaseModel.php(584): CodeIgniter\Model->doFindAll(0, 0)
#1 /Library/WebServer/Documents/projects/aplikasi-penggajian/app/Controllers/Jabatan.php(19): CodeIgniter\BaseModel->findAll()
#2 /Library/WebServer/Documents/projects/aplikasi-penggajian/system/CodeIgniter.php(832): App\Controllers\Jabatan->index()
#3 /Library/WebServer/Documents/projects/aplikasi-penggajian/system/CodeIgniter.php(419): CodeIgniter\CodeIgniter->runController(Object(App\Controllers\Jabatan))
#4 /Library/WebServer/Documents/projects/aplikasi-penggajian/system/CodeIgniter.php(326): CodeIgniter\CodeIgniter->handleRequest(NULL, Object(Config\Cache), false)
#5 /Library/WebServer/Documents/projects/aplikasi-penggajian/public/index.php(37): CodeIgniter\CodeIgniter->run()
#6 /Library/WebServer/Documents/projects/aplikasi-penggajian/system/Commands/Server/rewrite.php(43): require_once('/Library/WebSer...')
#7 {main}
ERROR - 2022-03-22 09:51:36 --> Table 'db_penggajian.jabatans' doesn't exist
CRITICAL - 2022-03-22 09:51:36 --> Call to a member function getResult() on bool
#0 /Library/WebServer/Documents/projects/aplikasi-penggajian/system/BaseModel.php(584): CodeIgniter\Model->doFindAll(0, 0)
#1 /Library/WebServer/Documents/projects/aplikasi-penggajian/app/Controllers/Jabatan.php(19): CodeIgniter\BaseModel->findAll()
#2 /Library/WebServer/Documents/projects/aplikasi-penggajian/system/CodeIgniter.php(832): App\Controllers\Jabatan->index()
#3 /Library/WebServer/Documents/projects/aplikasi-penggajian/system/CodeIgniter.php(419): CodeIgniter\CodeIgniter->runController(Object(App\Controllers\Jabatan))
#4 /Library/WebServer/Documents/projects/aplikasi-penggajian/system/CodeIgniter.php(326): CodeIgniter\CodeIgniter->handleRequest(NULL, Object(Config\Cache), false)
#5 /Library/WebServer/Documents/projects/aplikasi-penggajian/public/index.php(37): CodeIgniter\CodeIgniter->run()
#6 /Library/WebServer/Documents/projects/aplikasi-penggajian/system/Commands/Server/rewrite.php(43): require_once('/Library/WebSer...')
#7 {main}
ERROR - 2022-03-22 09:51:51 --> Table 'db_penggajian.jabatans' doesn't exist
CRITICAL - 2022-03-22 09:51:51 --> Call to a member function getResult() on bool
#0 /Library/WebServer/Documents/projects/aplikasi-penggajian/system/BaseModel.php(584): CodeIgniter\Model->doFindAll(0, 0)
#1 /Library/WebServer/Documents/projects/aplikasi-penggajian/app/Controllers/Jabatan.php(19): CodeIgniter\BaseModel->findAll()
#2 /Library/WebServer/Documents/projects/aplikasi-penggajian/system/CodeIgniter.php(832): App\Controllers\Jabatan->index()
#3 /Library/WebServer/Documents/projects/aplikasi-penggajian/system/CodeIgniter.php(419): CodeIgniter\CodeIgniter->runController(Object(App\Controllers\Jabatan))
#4 /Library/WebServer/Documents/projects/aplikasi-penggajian/system/CodeIgniter.php(326): CodeIgniter\CodeIgniter->handleRequest(NULL, Object(Config\Cache), false)
#5 /Library/WebServer/Documents/projects/aplikasi-penggajian/public/index.php(37): CodeIgniter\CodeIgniter->run()
#6 /Library/WebServer/Documents/projects/aplikasi-penggajian/system/Commands/Server/rewrite.php(43): require_once('/Library/WebSer...')
#7 {main}
ERROR - 2022-03-22 09:51:52 --> Table 'db_penggajian.jabatans' doesn't exist
CRITICAL - 2022-03-22 09:51:52 --> Call to a member function getResult() on bool
#0 /Library/WebServer/Documents/projects/aplikasi-penggajian/system/BaseModel.php(584): CodeIgniter\Model->doFindAll(0, 0)
#1 /Library/WebServer/Documents/projects/aplikasi-penggajian/app/Controllers/Jabatan.php(19): CodeIgniter\BaseModel->findAll()
#2 /Library/WebServer/Documents/projects/aplikasi-penggajian/system/CodeIgniter.php(832): App\Controllers\Jabatan->index()
#3 /Library/WebServer/Documents/projects/aplikasi-penggajian/system/CodeIgniter.php(419): CodeIgniter\CodeIgniter->runController(Object(App\Controllers\Jabatan))
#4 /Library/WebServer/Documents/projects/aplikasi-penggajian/system/CodeIgniter.php(326): CodeIgniter\CodeIgniter->handleRequest(NULL, Object(Config\Cache), false)
#5 /Library/WebServer/Documents/projects/aplikasi-penggajian/public/index.php(37): CodeIgniter\CodeIgniter->run()
#6 /Library/WebServer/Documents/projects/aplikasi-penggajian/system/Commands/Server/rewrite.php(43): require_once('/Library/WebSer...')
#7 {main}
ERROR - 2022-03-22 09:51:52 --> Table 'db_penggajian.jabatans' doesn't exist
CRITICAL - 2022-03-22 09:51:52 --> Call to a member function getResult() on bool
#0 /Library/WebServer/Documents/projects/aplikasi-penggajian/system/BaseModel.php(584): CodeIgniter\Model->doFindAll(0, 0)
#1 /Library/WebServer/Documents/projects/aplikasi-penggajian/app/Controllers/Jabatan.php(19): CodeIgniter\BaseModel->findAll()
#2 /Library/WebServer/Documents/projects/aplikasi-penggajian/system/CodeIgniter.php(832): App\Controllers\Jabatan->index()
#3 /Library/WebServer/Documents/projects/aplikasi-penggajian/system/CodeIgniter.php(419): CodeIgniter\CodeIgniter->runController(Object(App\Controllers\Jabatan))
#4 /Library/WebServer/Documents/projects/aplikasi-penggajian/system/CodeIgniter.php(326): CodeIgniter\CodeIgniter->handleRequest(NULL, Object(Config\Cache), false)
#5 /Library/WebServer/Documents/projects/aplikasi-penggajian/public/index.php(37): CodeIgniter\CodeIgniter->run()
#6 /Library/WebServer/Documents/projects/aplikasi-penggajian/system/Commands/Server/rewrite.php(43): require_once('/Library/WebSer...')
#7 {main}
ERROR - 2022-03-22 09:51:52 --> Table 'db_penggajian.jabatans' doesn't exist
CRITICAL - 2022-03-22 09:51:52 --> Call to a member function getResult() on bool
#0 /Library/WebServer/Documents/projects/aplikasi-penggajian/system/BaseModel.php(584): CodeIgniter\Model->doFindAll(0, 0)
#1 /Library/WebServer/Documents/projects/aplikasi-penggajian/app/Controllers/Jabatan.php(19): CodeIgniter\BaseModel->findAll()
#2 /Library/WebServer/Documents/projects/aplikasi-penggajian/system/CodeIgniter.php(832): App\Controllers\Jabatan->index()
#3 /Library/WebServer/Documents/projects/aplikasi-penggajian/system/CodeIgniter.php(419): CodeIgniter\CodeIgniter->runController(Object(App\Controllers\Jabatan))
#4 /Library/WebServer/Documents/projects/aplikasi-penggajian/system/CodeIgniter.php(326): CodeIgniter\CodeIgniter->handleRequest(NULL, Object(Config\Cache), false)
#5 /Library/WebServer/Documents/projects/aplikasi-penggajian/public/index.php(37): CodeIgniter\CodeIgniter->run()
#6 /Library/WebServer/Documents/projects/aplikasi-penggajian/system/Commands/Server/rewrite.php(43): require_once('/Library/WebSer...')
#7 {main}
ERROR - 2022-03-22 09:52:15 --> Table 'db_penggajian.jabatans' doesn't exist
CRITICAL - 2022-03-22 09:52:15 --> Call to a member function getResult() on bool
#0 /Library/WebServer/Documents/projects/aplikasi-penggajian/system/BaseModel.php(584): CodeIgniter\Model->doFindAll(0, 0)
#1 /Library/WebServer/Documents/projects/aplikasi-penggajian/app/Controllers/Jabatan.php(19): CodeIgniter\BaseModel->findAll()
#2 /Library/WebServer/Documents/projects/aplikasi-penggajian/system/CodeIgniter.php(832): App\Controllers\Jabatan->index()
#3 /Library/WebServer/Documents/projects/aplikasi-penggajian/system/CodeIgniter.php(419): CodeIgniter\CodeIgniter->runController(Object(App\Controllers\Jabatan))
#4 /Library/WebServer/Documents/projects/aplikasi-penggajian/system/CodeIgniter.php(326): CodeIgniter\CodeIgniter->handleRequest(NULL, Object(Config\Cache), false)
#5 /Library/WebServer/Documents/projects/aplikasi-penggajian/public/index.php(37): CodeIgniter\CodeIgniter->run()
#6 /Library/WebServer/Documents/projects/aplikasi-penggajian/system/Commands/Server/rewrite.php(43): require_once('/Library/WebSer...')
#7 {main}
ERROR - 2022-03-22 09:52:15 --> Table 'db_penggajian.jabatans' doesn't exist
CRITICAL - 2022-03-22 09:52:15 --> Call to a member function getResult() on bool
#0 /Library/WebServer/Documents/projects/aplikasi-penggajian/system/BaseModel.php(584): CodeIgniter\Model->doFindAll(0, 0)
#1 /Library/WebServer/Documents/projects/aplikasi-penggajian/app/Controllers/Jabatan.php(19): CodeIgniter\BaseModel->findAll()
#2 /Library/WebServer/Documents/projects/aplikasi-penggajian/system/CodeIgniter.php(832): App\Controllers\Jabatan->index()
#3 /Library/WebServer/Documents/projects/aplikasi-penggajian/system/CodeIgniter.php(419): CodeIgniter\CodeIgniter->runController(Object(App\Controllers\Jabatan))
#4 /Library/WebServer/Documents/projects/aplikasi-penggajian/system/CodeIgniter.php(326): CodeIgniter\CodeIgniter->handleRequest(NULL, Object(Config\Cache), false)
#5 /Library/WebServer/Documents/projects/aplikasi-penggajian/public/index.php(37): CodeIgniter\CodeIgniter->run()
#6 /Library/WebServer/Documents/projects/aplikasi-penggajian/system/Commands/Server/rewrite.php(43): require_once('/Library/WebSer...')
#7 {main}
ERROR - 2022-03-22 09:52:15 --> Table 'db_penggajian.jabatans' doesn't exist
CRITICAL - 2022-03-22 09:52:15 --> Call to a member function getResult() on bool
#0 /Library/WebServer/Documents/projects/aplikasi-penggajian/system/BaseModel.php(584): CodeIgniter\Model->doFindAll(0, 0)
#1 /Library/WebServer/Documents/projects/aplikasi-penggajian/app/Controllers/Jabatan.php(19): CodeIgniter\BaseModel->findAll()
#2 /Library/WebServer/Documents/projects/aplikasi-penggajian/system/CodeIgniter.php(832): App\Controllers\Jabatan->index()
#3 /Library/WebServer/Documents/projects/aplikasi-penggajian/system/CodeIgniter.php(419): CodeIgniter\CodeIgniter->runController(Object(App\Controllers\Jabatan))
#4 /Library/WebServer/Documents/projects/aplikasi-penggajian/system/CodeIgniter.php(326): CodeIgniter\CodeIgniter->handleRequest(NULL, Object(Config\Cache), false)
#5 /Library/WebServer/Documents/projects/aplikasi-penggajian/public/index.php(37): CodeIgniter\CodeIgniter->run()
#6 /Library/WebServer/Documents/projects/aplikasi-penggajian/system/Commands/Server/rewrite.php(43): require_once('/Library/WebSer...')
#7 {main}
ERROR - 2022-03-22 09:52:16 --> Table 'db_penggajian.jabatans' doesn't exist
CRITICAL - 2022-03-22 09:52:16 --> Call to a member function getResult() on bool
#0 /Library/WebServer/Documents/projects/aplikasi-penggajian/system/BaseModel.php(584): CodeIgniter\Model->doFindAll(0, 0)
#1 /Library/WebServer/Documents/projects/aplikasi-penggajian/app/Controllers/Jabatan.php(19): CodeIgniter\BaseModel->findAll()
#2 /Library/WebServer/Documents/projects/aplikasi-penggajian/system/CodeIgniter.php(832): App\Controllers\Jabatan->index()
#3 /Library/WebServer/Documents/projects/aplikasi-penggajian/system/CodeIgniter.php(419): CodeIgniter\CodeIgniter->runController(Object(App\Controllers\Jabatan))
#4 /Library/WebServer/Documents/projects/aplikasi-penggajian/system/CodeIgniter.php(326): CodeIgniter\CodeIgniter->handleRequest(NULL, Object(Config\Cache), false)
#5 /Library/WebServer/Documents/projects/aplikasi-penggajian/public/index.php(37): CodeIgniter\CodeIgniter->run()
#6 /Library/WebServer/Documents/projects/aplikasi-penggajian/system/Commands/Server/rewrite.php(43): require_once('/Library/WebSer...')
#7 {main}
ERROR - 2022-03-22 09:52:16 --> Table 'db_penggajian.jabatans' doesn't exist
CRITICAL - 2022-03-22 09:52:16 --> Call to a member function getResult() on bool
#0 /Library/WebServer/Documents/projects/aplikasi-penggajian/system/BaseModel.php(584): CodeIgniter\Model->doFindAll(0, 0)
#1 /Library/WebServer/Documents/projects/aplikasi-penggajian/app/Controllers/Jabatan.php(19): CodeIgniter\BaseModel->findAll()
#2 /Library/WebServer/Documents/projects/aplikasi-penggajian/system/CodeIgniter.php(832): App\Controllers\Jabatan->index()
#3 /Library/WebServer/Documents/projects/aplikasi-penggajian/system/CodeIgniter.php(419): CodeIgniter\CodeIgniter->runController(Object(App\Controllers\Jabatan))
#4 /Library/WebServer/Documents/projects/aplikasi-penggajian/system/CodeIgniter.php(326): CodeIgniter\CodeIgniter->handleRequest(NULL, Object(Config\Cache), false)
#5 /Library/WebServer/Documents/projects/aplikasi-penggajian/public/index.php(37): CodeIgniter\CodeIgniter->run()
#6 /Library/WebServer/Documents/projects/aplikasi-penggajian/system/Commands/Server/rewrite.php(43): require_once('/Library/WebSer...')
#7 {main}
ERROR - 2022-03-22 09:52:22 --> Table 'db_penggajian.jabatans' doesn't exist
CRITICAL - 2022-03-22 09:52:22 --> Call to a member function getResult() on bool
#0 /Library/WebServer/Documents/projects/aplikasi-penggajian/system/BaseModel.php(584): CodeIgniter\Model->doFindAll(0, 0)
#1 /Library/WebServer/Documents/projects/aplikasi-penggajian/app/Controllers/Jabatan.php(19): CodeIgniter\BaseModel->findAll()
#2 /Library/WebServer/Documents/projects/aplikasi-penggajian/system/CodeIgniter.php(832): App\Controllers\Jabatan->index()
#3 /Library/WebServer/Documents/projects/aplikasi-penggajian/system/CodeIgniter.php(419): CodeIgniter\CodeIgniter->runController(Object(App\Controllers\Jabatan))
#4 /Library/WebServer/Documents/projects/aplikasi-penggajian/system/CodeIgniter.php(326): CodeIgniter\CodeIgniter->handleRequest(NULL, Object(Config\Cache), false)
#5 /Library/WebServer/Documents/projects/aplikasi-penggajian/public/index.php(37): CodeIgniter\CodeIgniter->run()
#6 /Library/WebServer/Documents/projects/aplikasi-penggajian/system/Commands/Server/rewrite.php(43): require_once('/Library/WebSer...')
#7 {main}
ERROR - 2022-03-22 09:52:29 --> Table 'db_penggajian.jabatans' doesn't exist
CRITICAL - 2022-03-22 09:52:29 --> Call to a member function getResult() on bool
#0 /Library/WebServer/Documents/projects/aplikasi-penggajian/system/BaseModel.php(584): CodeIgniter\Model->doFindAll(0, 0)
#1 /Library/WebServer/Documents/projects/aplikasi-penggajian/app/Controllers/Jabatan.php(19): CodeIgniter\BaseModel->findAll()
#2 /Library/WebServer/Documents/projects/aplikasi-penggajian/system/CodeIgniter.php(832): App\Controllers\Jabatan->index()
#3 /Library/WebServer/Documents/projects/aplikasi-penggajian/system/CodeIgniter.php(419): CodeIgniter\CodeIgniter->runController(Object(App\Controllers\Jabatan))
#4 /Library/WebServer/Documents/projects/aplikasi-penggajian/system/CodeIgniter.php(326): CodeIgniter\CodeIgniter->handleRequest(NULL, Object(Config\Cache), false)
#5 /Library/WebServer/Documents/projects/aplikasi-penggajian/public/index.php(37): CodeIgniter\CodeIgniter->run()
#6 /Library/WebServer/Documents/projects/aplikasi-penggajian/system/Commands/Server/rewrite.php(43): require_once('/Library/WebSer...')
#7 {main}
CRITICAL - 2022-03-22 09:52:35 --> Call to a member function findAll() on null
#0 /Library/WebServer/Documents/projects/aplikasi-penggajian/system/CodeIgniter.php(832): App\Controllers\Jabatan->index()
#1 /Library/WebServer/Documents/projects/aplikasi-penggajian/system/CodeIgniter.php(419): CodeIgniter\CodeIgniter->runController(Object(App\Controllers\Jabatan))
#2 /Library/WebServer/Documents/projects/aplikasi-penggajian/system/CodeIgniter.php(326): CodeIgniter\CodeIgniter->handleRequest(NULL, Object(Config\Cache), false)
#3 /Library/WebServer/Documents/projects/aplikasi-penggajian/public/index.php(37): CodeIgniter\CodeIgniter->run()
#4 /Library/WebServer/Documents/projects/aplikasi-penggajian/system/Commands/Server/rewrite.php(43): require_once('/Library/WebSer...')
#5 {main}
CRITICAL - 2022-03-22 09:52:36 --> Call to a member function findAll() on null
#0 /Library/WebServer/Documents/projects/aplikasi-penggajian/system/CodeIgniter.php(832): App\Controllers\Jabatan->index()
#1 /Library/WebServer/Documents/projects/aplikasi-penggajian/system/CodeIgniter.php(419): CodeIgniter\CodeIgniter->runController(Object(App\Controllers\Jabatan))
#2 /Library/WebServer/Documents/projects/aplikasi-penggajian/system/CodeIgniter.php(326): CodeIgniter\CodeIgniter->handleRequest(NULL, Object(Config\Cache), false)
#3 /Library/WebServer/Documents/projects/aplikasi-penggajian/public/index.php(37): CodeIgniter\CodeIgniter->run()
#4 /Library/WebServer/Documents/projects/aplikasi-penggajian/system/Commands/Server/rewrite.php(43): require_once('/Library/WebSer...')
#5 {main}
ERROR - 2022-03-22 09:53:26 --> Table 'db_penggajian.jabatans' doesn't exist
CRITICAL - 2022-03-22 09:53:26 --> Call to a member function getResult() on bool
#0 /Library/WebServer/Documents/projects/aplikasi-penggajian/system/BaseModel.php(584): CodeIgniter\Model->doFindAll(0, 0)
#1 /Library/WebServer/Documents/projects/aplikasi-penggajian/app/Controllers/Jabatan.php(19): CodeIgniter\BaseModel->findAll()
#2 /Library/WebServer/Documents/projects/aplikasi-penggajian/system/CodeIgniter.php(832): App\Controllers\Jabatan->index()
#3 /Library/WebServer/Documents/projects/aplikasi-penggajian/system/CodeIgniter.php(419): CodeIgniter\CodeIgniter->runController(Object(App\Controllers\Jabatan))
#4 /Library/WebServer/Documents/projects/aplikasi-penggajian/system/CodeIgniter.php(326): CodeIgniter\CodeIgniter->handleRequest(NULL, Object(Config\Cache), false)
#5 /Library/WebServer/Documents/projects/aplikasi-penggajian/public/index.php(37): CodeIgniter\CodeIgniter->run()
#6 /Library/WebServer/Documents/projects/aplikasi-penggajian/system/Commands/Server/rewrite.php(43): require_once('/Library/WebSer...')
#7 {main}
ERROR - 2022-03-22 09:53:27 --> Table 'db_penggajian.jabatans' doesn't exist
CRITICAL - 2022-03-22 09:53:27 --> Call to a member function getResult() on bool
#0 /Library/WebServer/Documents/projects/aplikasi-penggajian/system/BaseModel.php(584): CodeIgniter\Model->doFindAll(0, 0)
#1 /Library/WebServer/Documents/projects/aplikasi-penggajian/app/Controllers/Jabatan.php(19): CodeIgniter\BaseModel->findAll()
#2 /Library/WebServer/Documents/projects/aplikasi-penggajian/system/CodeIgniter.php(832): App\Controllers\Jabatan->index()
#3 /Library/WebServer/Documents/projects/aplikasi-penggajian/system/CodeIgniter.php(419): CodeIgniter\CodeIgniter->runController(Object(App\Controllers\Jabatan))
#4 /Library/WebServer/Documents/projects/aplikasi-penggajian/system/CodeIgniter.php(326): CodeIgniter\CodeIgniter->handleRequest(NULL, Object(Config\Cache), false)
#5 /Library/WebServer/Documents/projects/aplikasi-penggajian/public/index.php(37): CodeIgniter\CodeIgniter->run()
#6 /Library/WebServer/Documents/projects/aplikasi-penggajian/system/Commands/Server/rewrite.php(43): require_once('/Library/WebSer...')
#7 {main}
ERROR - 2022-03-22 09:53:27 --> Table 'db_penggajian.jabatans' doesn't exist
CRITICAL - 2022-03-22 09:53:27 --> Call to a member function getResult() on bool
#0 /Library/WebServer/Documents/projects/aplikasi-penggajian/system/BaseModel.php(584): CodeIgniter\Model->doFindAll(0, 0)
#1 /Library/WebServer/Documents/projects/aplikasi-penggajian/app/Controllers/Jabatan.php(19): CodeIgniter\BaseModel->findAll()
#2 /Library/WebServer/Documents/projects/aplikasi-penggajian/system/CodeIgniter.php(832): App\Controllers\Jabatan->index()
#3 /Library/WebServer/Documents/projects/aplikasi-penggajian/system/CodeIgniter.php(419): CodeIgniter\CodeIgniter->runController(Object(App\Controllers\Jabatan))
#4 /Library/WebServer/Documents/projects/aplikasi-penggajian/system/CodeIgniter.php(326): CodeIgniter\CodeIgniter->handleRequest(NULL, Object(Config\Cache), false)
#5 /Library/WebServer/Documents/projects/aplikasi-penggajian/public/index.php(37): CodeIgniter\CodeIgniter->run()
#6 /Library/WebServer/Documents/projects/aplikasi-penggajian/system/Commands/Server/rewrite.php(43): require_once('/Library/WebSer...')
#7 {main}
